0 silly argv {
0 silly argv   _: [ 'run' ],
0 silly argv   lernaVersion: '4.0.0',
0 silly argv   '$0': 'node_modules\\lerna\\cli.js',
0 silly argv   script: 'dev'
0 silly argv }
1 notice cli v4.0.0
2 verbose rootPath C:\Users\radisav.savkovic\Desktop\apps\ds\ds from scratch
3 error JSONError: Unexpected token "/" (0x2F) in JSON at position 82 while parsing near "...in\": \"index.js\",\r\n  // \"types\": \"lib/ind..." in packages\foundation\package.json
3 error
3 error [0m [90m 3 |[39m   [32m"version"[39m[33m:[39m [32m"1.0.0"[39m[33m,[39m[0m
3 error [0m [90m 4 |[39m   [32m"main"[39m[33m:[39m [32m"index.js"[39m[33m,[39m[0m
3 error [0m[31m[1m>[22m[39m[90m 5 |[39m   [90m// "types": "lib/index.d.ts",[39m[0m
3 error [0m [90m   |[39m   [31m[1m^[22m[39m[0m
3 error [0m [90m 6 |[39m   [32m"license"[39m[33m:[39m [32m"MIT"[39m[33m,[39m[0m
3 error [0m [90m 7 |[39m   [32m"scripts"[39m[33m:[39m {[0m
3 error [0m [90m 8 |[39m     [32m"build"[39m[33m:[39m [32m"tsc"[39m[33m,[39m[0m
3 error
3 error     at parseJson (C:\Users\radisav.savkovic\Desktop\apps\ds\ds from scratch\node_modules\parse-json\index.js:29:21)
3 error     at parse (C:\Users\radisav.savkovic\Desktop\apps\ds\ds from scratch\node_modules\load-json-file\index.js:15:9)
3 error     at module.exports (C:\Users\radisav.savkovic\Desktop\apps\ds\ds from scratch\node_modules\load-json-file\index.js:18:47)
